{"numFailedTestSuites":0,"numFailedTests":0,"numPassedTestSuites":1,"numPassedTests":1,"numPendingTestSuites":0,"numPendingTests":0,"numRuntimeErrorTestSuites":0,"numTodoTests":0,"numTotalTestSuites":1,"numTotalTests":1,"openHandles":[],"snapshot":{"added":0,"didUpdate":false,"failure":false,"filesAdded":0,"filesRemoved":0,"filesRemovedList":[],"filesUnmatched":0,"filesUpdated":0,"matched":0,"total":0,"unchecked":0,"uncheckedKeysByFile":[],"unmatched":0,"updated":0},"startTime":1684424875068,"success":true,"testResults":[{"assertionResults":[{"ancestorTitles":["GET /"],"failureMessages":[],"fullName":"GET / obtains token from spotify","location":null,"status":"passed","title":"obtains token from spotify"}],"endTime":1684424876694,"message":"","name":"/home/ubuntu/workspaces/HighTracks/api/src/app.test.js","startTime":1684424875093,"status":"passed","summary":""}],"wasInterrupted":false,"coverageMap":{"/home/ubuntu/workspaces/HighTracks/api/src/app.js":{"path":"/home/ubuntu/workspaces/HighTracks/api/src/app.js","statementMap":{"0":{"start":{"line":1,"column":16},"end":{"line":1,"column":34}},"1":{"start":{"line":2,"column":13},"end":{"line":2,"column":28}},"2":{"start":{"line":3,"column":13},"end":{"line":3,"column":28}},"3":{"start":{"line":5,"column":0},"end":{"line":5,"column":23}},"4":{"start":{"line":6,"column":0},"end":{"line":6,"column":27}},"5":{"start":{"line":8,"column":18},"end":{"line":8,"column":43}},"6":{"start":{"line":10,"column":12},"end":{"line":10,"column":21}},"7":{"start":{"line":12,"column":0},"end":{"line":12,"column":16}},"8":{"start":{"line":13,"column":0},"end":{"line":13,"column":41}},"9":{"start":{"line":14,"column":0},"end":{"line":14,"column":63}},"10":{"start":{"line":15,"column":0},"end":{"line":15,"column":56}},"11":{"start":{"line":17,"column":0},"end":{"line":17,"column":27}},"12":{"start":{"line":19,"column":17},"end":{"line":19,"column":46}},"13":{"start":{"line":20,"column":0},"end":{"line":20,"column":32}},"14":{"start":{"line":22,"column":21},"end":{"line":22,"column":45}},"15":{"start":{"line":23,"column":18},"end":{"line":23,"column":47}},"16":{"start":{"line":25,"column":26},"end":{"line":46,"column":1}},"17":{"start":{"line":48,"column":16},"end":{"line":51,"column":1}},"18":{"start":{"line":53,"column":20},"end":{"line":53,"column":41}},"19":{"start":{"line":55,"column":0},"end":{"line":55,"column":68}},"20":{"start":{"line":57,"column":0},"end":{"line":64,"column":3}},"21":{"start":{"line":58,"column":2},"end":{"line":63,"column":4}},"22":{"start":{"line":66,"column":0},"end":{"line":66,"column":21}}},"fnMap":{"0":{"name":"(anonymous_0)","decl":{"start":{"line":57,"column":8},"end":{"line":57,"column":9}},"loc":{"start":{"line":57,"column":22},"end":{"line":64,"column":1}},"line":57}},"branchMap":{},"s":{"0":1,"1":1,"2":1,"3":1,"4":1,"5":1,"6":1,"7":1,"8":1,"9":1,"10":1,"11":1,"12":1,"13":1,"14":1,"15":1,"16":1,"17":1,"18":1,"19":1,"20":1,"21":0,"22":1},"f":{"0":0},"b":{},"_coverageSchema":"1a1c01bbd47fc00a2c39e90264f33305004495a9","hash":"419a812d6bd33fe789f4e3284b76c8493dfb8ff6"},"/home/ubuntu/workspaces/HighTracks/api/src/models/db.js":{"path":"/home/ubuntu/workspaces/HighTracks/api/src/models/db.js","statementMap":{"0":{"start":{"line":1,"column":17},"end":{"line":1,"column":36}},"1":{"start":{"line":2,"column":15},"end":{"line":2,"column":42}},"2":{"start":{"line":4,"column":12},"end":{"line":4,"column":30}},"3":{"start":{"line":5,"column":0},"end":{"line":5,"column":58}},"4":{"start":{"line":5,"column":12},"end":{"line":5,"column":58}},"5":{"start":{"line":6,"column":0},"end":{"line":6,"column":32}},"6":{"start":{"line":7,"column":0},"end":{"line":7,"column":102}},"7":{"start":{"line":10,"column":0},"end":{"line":12,"column":3}},"8":{"start":{"line":11,"column":4},"end":{"line":11,"column":50}},"9":{"start":{"line":13,"column":0},"end":{"line":15,"column":3}},"10":{"start":{"line":14,"column":4},"end":{"line":14,"column":53}},"11":{"start":{"line":16,"column":0},"end":{"line":18,"column":3}},"12":{"start":{"line":17,"column":4},"end":{"line":17,"column":41}},"13":{"start":{"line":20,"column":0},"end":{"line":24,"column":1}},"14":{"start":{"line":21,"column":4},"end":{"line":23,"column":7}},"15":{"start":{"line":22,"column":8},"end":{"line":22,"column":56}},"16":{"start":{"line":28,"column":25},"end":{"line":33,"column":1}},"17":{"start":{"line":29,"column":4},"end":{"line":32,"column":7}},"18":{"start":{"line":30,"column":8},"end":{"line":30,"column":60}},"19":{"start":{"line":31,"column":8},"end":{"line":31,"column":19}},"20":{"start":{"line":35,"column":0},"end":{"line":39,"column":3}},"21":{"start":{"line":36,"column":4},"end":{"line":38,"column":7}},"22":{"start":{"line":37,"column":8},"end":{"line":37,"column":45}},"23":{"start":{"line":42,"column":0},"end":{"line":46,"column":3}},"24":{"start":{"line":43,"column":4},"end":{"line":45,"column":7}},"25":{"start":{"line":44,"column":8},"end":{"line":44,"column":24}},"26":{"start":{"line":49,"column":0},"end":{"line":49,"column":20}}},"fnMap":{"0":{"name":"(anonymous_0)","decl":{"start":{"line":10,"column":36},"end":{"line":10,"column":37}},"loc":{"start":{"line":10,"column":42},"end":{"line":12,"column":1}},"line":10},"1":{"name":"(anonymous_1)","decl":{"start":{"line":13,"column":32},"end":{"line":13,"column":33}},"loc":{"start":{"line":13,"column":41},"end":{"line":15,"column":1}},"line":13},"2":{"name":"(anonymous_2)","decl":{"start":{"line":16,"column":39},"end":{"line":16,"column":40}},"loc":{"start":{"line":16,"column":45},"end":{"line":18,"column":1}},"line":16},"3":{"name":"(anonymous_3)","decl":{"start":{"line":21,"column":30},"end":{"line":21,"column":31}},"loc":{"start":{"line":21,"column":42},"end":{"line":23,"column":5}},"line":21},"4":{"name":"(anonymous_4)","decl":{"start":{"line":28,"column":25},"end":{"line":28,"column":26}},"loc":{"start":{"line":28,"column":44},"end":{"line":33,"column":1}},"line":28},"5":{"name":"(anonymous_5)","decl":{"start":{"line":29,"column":30},"end":{"line":29,"column":31}},"loc":{"start":{"line":29,"column":36},"end":{"line":32,"column":5}},"line":29},"6":{"name":"(anonymous_6)","decl":{"start":{"line":35,"column":24},"end":{"line":35,"column":25}},"loc":{"start":{"line":35,"column":30},"end":{"line":39,"column":1}},"line":35},"7":{"name":"(anonymous_7)","decl":{"start":{"line":36,"column":40},"end":{"line":36,"column":41}},"loc":{"start":{"line":36,"column":46},"end":{"line":38,"column":5}},"line":36},"8":{"name":"(anonymous_8)","decl":{"start":{"line":42,"column":21},"end":{"line":42,"column":22}},"loc":{"start":{"line":42,"column":27},"end":{"line":46,"column":1}},"line":42},"9":{"name":"(anonymous_9)","decl":{"start":{"line":43,"column":40},"end":{"line":43,"column":41}},"loc":{"start":{"line":43,"column":46},"end":{"line":45,"column":5}},"line":43}},"branchMap":{"0":{"loc":{"start":{"line":5,"column":0},"end":{"line":5,"column":58}},"type":"if","locations":[{"start":{"line":5,"column":0},"end":{"line":5,"column":58}},{"start":{},"end":{}}],"line":5},"1":{"loc":{"start":{"line":20,"column":0},"end":{"line":24,"column":1}},"type":"if","locations":[{"start":{"line":20,"column":0},"end":{"line":24,"column":1}},{"start":{},"end":{}}],"line":20}},"s":{"0":1,"1":1,"2":1,"3":1,"4":0,"5":1,"6":1,"7":1,"8":1,"9":1,"10":0,"11":1,"12":1,"13":1,"14":1,"15":1,"16":1,"17":0,"18":0,"19":0,"20":1,"21":0,"22":0,"23":1,"24":0,"25":0,"26":1},"f":{"0":1,"1":0,"2":1,"3":1,"4":0,"5":0,"6":0,"7":0,"8":0,"9":0},"b":{"0":[0,1],"1":[1,0]},"_coverageSchema":"1a1c01bbd47fc00a2c39e90264f33305004495a9","hash":"06c4e7e81cf4ee8f5aa1e04da84bb0a9b1aa442a"},"/home/ubuntu/workspaces/HighTracks/api/src/common/config.js":{"path":"/home/ubuntu/workspaces/HighTracks/api/src/common/config.js","statementMap":{"0":{"start":{"line":1,"column":0},"end":{"line":1,"column":27}},"1":{"start":{"line":3,"column":0},"end":{"line":9,"column":2}}},"fnMap":{},"branchMap":{"0":{"loc":{"start":{"line":4,"column":26},"end":{"line":4,"column":68}},"type":"binary-expr","locations":[{"start":{"line":4,"column":26},"end":{"line":4,"column":58}},{"start":{"line":4,"column":62},"end":{"line":4,"column":68}}],"line":4},"1":{"loc":{"start":{"line":5,"column":16},"end":{"line":5,"column":52}},"type":"binary-expr","locations":[{"start":{"line":5,"column":16},"end":{"line":5,"column":38}},{"start":{"line":5,"column":42},"end":{"line":5,"column":52}}],"line":5},"2":{"loc":{"start":{"line":6,"column":15},"end":{"line":6,"column":46}},"type":"binary-expr","locations":[{"start":{"line":6,"column":15},"end":{"line":6,"column":36}},{"start":{"line":6,"column":40},"end":{"line":6,"column":46}}],"line":6},"3":{"loc":{"start":{"line":7,"column":19},"end":{"line":7,"column":54}},"type":"binary-expr","locations":[{"start":{"line":7,"column":19},"end":{"line":7,"column":44}},{"start":{"line":7,"column":48},"end":{"line":7,"column":54}}],"line":7},"4":{"loc":{"start":{"line":8,"column":17},"end":{"line":8,"column":82}},"type":"binary-expr","locations":[{"start":{"line":8,"column":17},"end":{"line":8,"column":40}},{"start":{"line":8,"column":44},"end":{"line":8,"column":82}}],"line":8}},"s":{"0":1,"1":1},"f":{},"b":{"0":[1,1],"1":[1,1],"2":[1,0],"3":[1,0],"4":[1,1]},"_coverageSchema":"1a1c01bbd47fc00a2c39e90264f33305004495a9","hash":"3c2b877087b7e54b90943007e244515853a969cf"},"/home/ubuntu/workspaces/HighTracks/api/src/models/tracks.js":{"path":"/home/ubuntu/workspaces/HighTracks/api/src/models/tracks.js","statementMap":{"0":{"start":{"line":1,"column":17},"end":{"line":1,"column":36}},"1":{"start":{"line":2,"column":21},"end":{"line":2,"column":42}},"2":{"start":{"line":4,"column":22},"end":{"line":14,"column":2}},"3":{"start":{"line":16,"column":20},"end":{"line":46,"column":2}},"4":{"start":{"line":48,"column":0},"end":{"line":48,"column":37}}},"fnMap":{},"branchMap":{},"s":{"0":1,"1":1,"2":1,"3":1,"4":1},"f":{},"b":{},"_coverageSchema":"1a1c01bbd47fc00a2c39e90264f33305004495a9","hash":"93a90579d12416c365923a78a8f729d223f1a4fa"},"/home/ubuntu/workspaces/HighTracks/api/src/routes/index.js":{"path":"/home/ubuntu/workspaces/HighTracks/api/src/routes/index.js","statementMap":{"0":{"start":{"line":1,"column":16},"end":{"line":1,"column":34}},"1":{"start":{"line":2,"column":15},"end":{"line":2,"column":31}},"2":{"start":{"line":3,"column":19},"end":{"line":3,"column":51}},"3":{"start":{"line":4,"column":17},"end":{"line":4,"column":47}},"4":{"start":{"line":218,"column":0},"end":{"line":218,"column":61}},"5":{"start":{"line":259,"column":0},"end":{"line":259,"column":38}},"6":{"start":{"line":294,"column":0},"end":{"line":294,"column":62}},"7":{"start":{"line":338,"column":0},"end":{"line":338,"column":82}},"8":{"start":{"line":363,"column":0},"end":{"line":363,"column":68}},"9":{"start":{"line":398,"column":0},"end":{"line":398,"column":76}},"10":{"start":{"line":428,"column":0},"end":{"line":428,"column":73}},"11":{"start":{"line":470,"column":0},"end":{"line":470,"column":72}},"12":{"start":{"line":497,"column":0},"end":{"line":497,"column":75}},"13":{"start":{"line":538,"column":0},"end":{"line":538,"column":89}},"14":{"start":{"line":571,"column":0},"end":{"line":571,"column":83}},"15":{"start":{"line":604,"column":0},"end":{"line":604,"column":100}},"16":{"start":{"line":606,"column":0},"end":{"line":606,"column":24}}},"fnMap":{},"branchMap":{},"s":{"0":1,"1":1,"2":1,"3":1,"4":1,"5":1,"6":1,"7":1,"8":1,"9":1,"10":1,"11":1,"12":1,"13":1,"14":1,"15":1,"16":1},"f":{},"b":{},"_coverageSchema":"1a1c01bbd47fc00a2c39e90264f33305004495a9","hash":"e111723cd426a0b4b0b3b87115ee5f8cc2e5f817"},"/home/ubuntu/workspaces/HighTracks/api/src/controllers/tracks.js":{"path":"/home/ubuntu/workspaces/HighTracks/api/src/controllers/tracks.js","statementMap":{"0":{"start":{"line":1,"column":17},"end":{"line":1,"column":36}},"1":{"start":{"line":2,"column":14},"end":{"line":2,"column":30}},"2":{"start":{"line":3,"column":14},"end":{"line":3,"column":37}},"3":{"start":{"line":4,"column":15},"end":{"line":4,"column":42}},"4":{"start":{"line":5,"column":29},"end":{"line":5,"column":57}},"5":{"start":{"line":6,"column":21},"end":{"line":6,"column":35}},"6":{"start":{"line":9,"column":28},"end":{"line":28,"column":1}},"7":{"start":{"line":10,"column":4},"end":{"line":27,"column":5}},"8":{"start":{"line":11,"column":23},"end":{"line":11,"column":44}},"9":{"start":{"line":12,"column":25},"end":{"line":16,"column":10}},"10":{"start":{"line":17,"column":8},"end":{"line":17,"column":49}},"11":{"start":{"line":19,"column":8},"end":{"line":19,"column":89}},"12":{"start":{"line":20,"column":8},"end":{"line":20,"column":29}},"13":{"start":{"line":21,"column":8},"end":{"line":26,"column":10}},"14":{"start":{"line":31,"column":27},"end":{"line":57,"column":1}},"15":{"start":{"line":32,"column":4},"end":{"line":56,"column":5}},"16":{"start":{"line":33,"column":23},"end":{"line":33,"column":39}},"17":{"start":{"line":34,"column":21},"end":{"line":34,"column":35}},"18":{"start":{"line":35,"column":21},"end":{"line":35,"column":35}},"19":{"start":{"line":36,"column":20},"end":{"line":36,"column":22}},"20":{"start":{"line":37,"column":8},"end":{"line":40,"column":9}},"21":{"start":{"line":38,"column":26},"end":{"line":38,"column":49}},"22":{"start":{"line":39,"column":12},"end":{"line":39,"column":70}},"23":{"start":{"line":41,"column":8},"end":{"line":44,"column":9}},"24":{"start":{"line":42,"column":26},"end":{"line":42,"column":47}},"25":{"start":{"line":43,"column":12},"end":{"line":43,"column":54}},"26":{"start":{"line":45,"column":8},"end":{"line":49,"column":9}},"27":{"start":{"line":46,"column":26},"end":{"line":46,"column":47}},"28":{"start":{"line":47,"column":12},"end":{"line":47,"column":70}},"29":{"start":{"line":50,"column":8},"end":{"line":52,"column":9}},"30":{"start":{"line":51,"column":12},"end":{"line":51,"column":103}},"31":{"start":{"line":53,"column":8},"end":{"line":53,"column":41}},"32":{"start":{"line":55,"column":8},"end":{"line":55,"column":39}},"33":{"start":{"line":60,"column":24},"end":{"line":71,"column":1}},"34":{"start":{"line":61,"column":4},"end":{"line":70,"column":5}},"35":{"start":{"line":62,"column":19},"end":{"line":62,"column":32}},"36":{"start":{"line":63,"column":22},"end":{"line":63,"column":46}},"37":{"start":{"line":64,"column":8},"end":{"line":66,"column":9}},"38":{"start":{"line":65,"column":12},"end":{"line":65,"column":97}},"39":{"start":{"line":67,"column":8},"end":{"line":67,"column":41}},"40":{"start":{"line":69,"column":8},"end":{"line":69,"column":39}},"41":{"start":{"line":74,"column":20},"end":{"line":85,"column":1}},"42":{"start":{"line":75,"column":4},"end":{"line":84,"column":5}},"43":{"start":{"line":76,"column":22},"end":{"line":76,"column":42}},"44":{"start":{"line":78,"column":8},"end":{"line":80,"column":9}},"45":{"start":{"line":79,"column":12},"end":{"line":79,"column":101}},"46":{"start":{"line":81,"column":8},"end":{"line":81,"column":41}},"47":{"start":{"line":83,"column":8},"end":{"line":83,"column":39}},"48":{"start":{"line":88,"column":24},"end":{"line":113,"column":1}},"49":{"start":{"line":89,"column":4},"end":{"line":112,"column":5}},"50":{"start":{"line":91,"column":21},"end":{"line":91,"column":29}},"51":{"start":{"line":93,"column":8},"end":{"line":95,"column":9}},"52":{"start":{"line":94,"column":12},"end":{"line":94,"column":30}},"53":{"start":{"line":97,"column":8},"end":{"line":102,"column":11}},"54":{"start":{"line":98,"column":12},"end":{"line":101,"column":13}},"55":{"start":{"line":103,"column":8},"end":{"line":103,"column":39}},"56":{"start":{"line":104,"column":8},"end":{"line":104,"column":42}},"57":{"start":{"line":106,"column":8},"end":{"line":109,"column":9}},"58":{"start":{"line":107,"column":12},"end":{"line":107,"column":86}},"59":{"start":{"line":108,"column":12},"end":{"line":108,"column":19}},"60":{"start":{"line":110,"column":8},"end":{"line":110,"column":25}},"61":{"start":{"line":111,"column":8},"end":{"line":111,"column":39}},"62":{"start":{"line":116,"column":20},"end":{"line":130,"column":1}},"63":{"start":{"line":117,"column":4},"end":{"line":129,"column":5}},"64":{"start":{"line":118,"column":24},"end":{"line":118,"column":37}},"65":{"start":{"line":119,"column":29},"end":{"line":122,"column":10}},"66":{"start":{"line":123,"column":8},"end":{"line":125,"column":9}},"67":{"start":{"line":124,"column":12},"end":{"line":124,"column":97}},"68":{"start":{"line":126,"column":8},"end":{"line":126,"column":48}},"69":{"start":{"line":128,"column":8},"end":{"line":128,"column":39}},"70":{"start":{"line":133,"column":20},"end":{"line":144,"column":1}},"71":{"start":{"line":134,"column":4},"end":{"line":143,"column":5}},"72":{"start":{"line":135,"column":24},"end":{"line":135,"column":37}},"73":{"start":{"line":136,"column":29},"end":{"line":136,"column":75}},"74":{"start":{"line":137,"column":8},"end":{"line":139,"column":9}},"75":{"start":{"line":138,"column":12},"end":{"line":138,"column":97}},"76":{"start":{"line":140,"column":8},"end":{"line":140,"column":48}},"77":{"start":{"line":142,"column":8},"end":{"line":142,"column":39}},"78":{"start":{"line":147,"column":27},"end":{"line":165,"column":1}},"79":{"start":{"line":148,"column":4},"end":{"line":164,"column":5}},"80":{"start":{"line":149,"column":24},"end":{"line":149,"column":37}},"81":{"start":{"line":151,"column":22},"end":{"line":151,"column":51}},"82":{"start":{"line":152,"column":8},"end":{"line":154,"column":9}},"83":{"start":{"line":153,"column":12},"end":{"line":153,"column":97}},"84":{"start":{"line":156,"column":50},"end":{"line":156,"column":58}},"85":{"start":{"line":157,"column":24},"end":{"line":157,"column":57}},"86":{"start":{"line":158,"column":8},"end":{"line":158,"column":37}},"87":{"start":{"line":160,"column":8},"end":{"line":160,"column":27}},"88":{"start":{"line":161,"column":8},"end":{"line":161,"column":44}},"89":{"start":{"line":163,"column":8},"end":{"line":163,"column":41}},"90":{"start":{"line":168,"column":25},"end":{"line":183,"column":1}},"91":{"start":{"line":169,"column":4},"end":{"line":182,"column":5}},"92":{"start":{"line":170,"column":24},"end":{"line":170,"column":37}},"93":{"start":{"line":171,"column":26},"end":{"line":171,"column":46}},"94":{"start":{"line":173,"column":22},"end":{"line":173,"column":51}},"95":{"start":{"line":174,"column":8},"end":{"line":176,"column":9}},"96":{"start":{"line":175,"column":12},"end":{"line":175,"column":97}},"97":{"start":{"line":177,"column":8},"end":{"line":177,"column":46}},"98":{"start":{"line":178,"column":8},"end":{"line":178,"column":27}},"99":{"start":{"line":179,"column":8},"end":{"line":179,"column":51}},"100":{"start":{"line":181,"column":8},"end":{"line":181,"column":41}},"101":{"start":{"line":186,"column":22},"end":{"line":198,"column":1}},"102":{"start":{"line":187,"column":4},"end":{"line":197,"column":5}},"103":{"start":{"line":188,"column":24},"end":{"line":188,"column":37}},"104":{"start":{"line":190,"column":22},"end":{"line":190,"column":51}},"105":{"start":{"line":191,"column":8},"end":{"line":193,"column":9}},"106":{"start":{"line":192,"column":12},"end":{"line":192,"column":97}},"107":{"start":{"line":194,"column":8},"end":{"line":194,"column":51}},"108":{"start":{"line":196,"column":8},"end":{"line":196,"column":41}},"109":{"start":{"line":200,"column":0},"end":{"line":211,"column":2}}},"fnMap":{"0":{"name":"(anonymous_0)","decl":{"start":{"line":9,"column":28},"end":{"line":9,"column":29}},"loc":{"start":{"line":9,"column":48},"end":{"line":28,"column":1}},"line":9},"1":{"name":"(anonymous_1)","decl":{"start":{"line":31,"column":27},"end":{"line":31,"column":28}},"loc":{"start":{"line":31,"column":47},"end":{"line":57,"column":1}},"line":31},"2":{"name":"(anonymous_2)","decl":{"start":{"line":60,"column":24},"end":{"line":60,"column":25}},"loc":{"start":{"line":60,"column":44},"end":{"line":71,"column":1}},"line":60},"3":{"name":"(anonymous_3)","decl":{"start":{"line":74,"column":20},"end":{"line":74,"column":21}},"loc":{"start":{"line":74,"column":40},"end":{"line":85,"column":1}},"line":74},"4":{"name":"(anonymous_4)","decl":{"start":{"line":88,"column":24},"end":{"line":88,"column":25}},"loc":{"start":{"line":88,"column":44},"end":{"line":113,"column":1}},"line":88},"5":{"name":"(anonymous_5)","decl":{"start":{"line":97,"column":28},"end":{"line":97,"column":29}},"loc":{"start":{"line":97,"column":37},"end":{"line":102,"column":9}},"line":97},"6":{"name":"(anonymous_6)","decl":{"start":{"line":116,"column":20},"end":{"line":116,"column":21}},"loc":{"start":{"line":116,"column":40},"end":{"line":130,"column":1}},"line":116},"7":{"name":"(anonymous_7)","decl":{"start":{"line":133,"column":20},"end":{"line":133,"column":21}},"loc":{"start":{"line":133,"column":40},"end":{"line":144,"column":1}},"line":133},"8":{"name":"(anonymous_8)","decl":{"start":{"line":147,"column":27},"end":{"line":147,"column":28}},"loc":{"start":{"line":147,"column":47},"end":{"line":165,"column":1}},"line":147},"9":{"name":"(anonymous_9)","decl":{"start":{"line":168,"column":25},"end":{"line":168,"column":26}},"loc":{"start":{"line":168,"column":45},"end":{"line":183,"column":1}},"line":168},"10":{"name":"(anonymous_10)","decl":{"start":{"line":186,"column":22},"end":{"line":186,"column":23}},"loc":{"start":{"line":186,"column":42},"end":{"line":198,"column":1}},"line":186}},"branchMap":{"0":{"loc":{"start":{"line":11,"column":23},"end":{"line":11,"column":44}},"type":"binary-expr","locations":[{"start":{"line":11,"column":23},"end":{"line":11,"column":39}},{"start":{"line":11,"column":43},"end":{"line":11,"column":44}}],"line":11},"1":{"loc":{"start":{"line":37,"column":8},"end":{"line":40,"column":9}},"type":"if","locations":[{"start":{"line":37,"column":8},"end":{"line":40,"column":9}},{"start":{},"end":{}}],"line":37},"2":{"loc":{"start":{"line":41,"column":8},"end":{"line":44,"column":9}},"type":"if","locations":[{"start":{"line":41,"column":8},"end":{"line":44,"column":9}},{"start":{},"end":{}}],"line":41},"3":{"loc":{"start":{"line":45,"column":8},"end":{"line":49,"column":9}},"type":"if","locations":[{"start":{"line":45,"column":8},"end":{"line":49,"column":9}},{"start":{},"end":{}}],"line":45},"4":{"loc":{"start":{"line":50,"column":8},"end":{"line":52,"column":9}},"type":"if","locations":[{"start":{"line":50,"column":8},"end":{"line":52,"column":9}},{"start":{},"end":{}}],"line":50},"5":{"loc":{"start":{"line":64,"column":8},"end":{"line":66,"column":9}},"type":"if","locations":[{"start":{"line":64,"column":8},"end":{"line":66,"column":9}},{"start":{},"end":{}}],"line":64},"6":{"loc":{"start":{"line":78,"column":8},"end":{"line":80,"column":9}},"type":"if","locations":[{"start":{"line":78,"column":8},"end":{"line":80,"column":9}},{"start":{},"end":{}}],"line":78},"7":{"loc":{"start":{"line":93,"column":8},"end":{"line":95,"column":9}},"type":"if","locations":[{"start":{"line":93,"column":8},"end":{"line":95,"column":9}},{"start":{},"end":{}}],"line":93},"8":{"loc":{"start":{"line":106,"column":8},"end":{"line":109,"column":9}},"type":"if","locations":[{"start":{"line":106,"column":8},"end":{"line":109,"column":9}},{"start":{},"end":{}}],"line":106},"9":{"loc":{"start":{"line":123,"column":8},"end":{"line":125,"column":9}},"type":"if","locations":[{"start":{"line":123,"column":8},"end":{"line":125,"column":9}},{"start":{},"end":{}}],"line":123},"10":{"loc":{"start":{"line":137,"column":8},"end":{"line":139,"column":9}},"type":"if","locations":[{"start":{"line":137,"column":8},"end":{"line":139,"column":9}},{"start":{},"end":{}}],"line":137},"11":{"loc":{"start":{"line":152,"column":8},"end":{"line":154,"column":9}},"type":"if","locations":[{"start":{"line":152,"column":8},"end":{"line":154,"column":9}},{"start":{},"end":{}}],"line":152},"12":{"loc":{"start":{"line":174,"column":8},"end":{"line":176,"column":9}},"type":"if","locations":[{"start":{"line":174,"column":8},"end":{"line":176,"column":9}},{"start":{},"end":{}}],"line":174},"13":{"loc":{"start":{"line":191,"column":8},"end":{"line":193,"column":9}},"type":"if","locations":[{"start":{"line":191,"column":8},"end":{"line":193,"column":9}},{"start":{},"end":{}}],"line":191}},"s":{"0":1,"1":1,"2":1,"3":1,"4":1,"5":1,"6":1,"7":0,"8":0,"9":0,"10":0,"11":0,"12":0,"13":0,"14":1,"15":0,"16":0,"17":0,"18":0,"19":0,"20":0,"21":0,"22":0,"23":0,"24":0,"25":0,"26":0,"27":0,"28":0,"29":0,"30":0,"31":0,"32":0,"33":1,"34":0,"35":0,"36":0,"37":0,"38":0,"39":0,"40":0,"41":1,"42":0,"43":0,"44":0,"45":0,"46":0,"47":0,"48":1,"49":0,"50":0,"51":0,"52":0,"53":0,"54":0,"55":0,"56":0,"57":0,"58":0,"59":0,"60":0,"61":0,"62":1,"63":0,"64":0,"65":0,"66":0,"67":0,"68":0,"69":0,"70":1,"71":0,"72":0,"73":0,"74":0,"75":0,"76":0,"77":0,"78":1,"79":0,"80":0,"81":0,"82":0,"83":0,"84":0,"85":0,"86":0,"87":0,"88":0,"89":0,"90":1,"91":0,"92":0,"93":0,"94":0,"95":0,"96":0,"97":0,"98":0,"99":0,"100":0,"101":1,"102":0,"103":0,"104":0,"105":0,"106":0,"107":0,"108":0,"109":1},"f":{"0":0,"1":0,"2":0,"3":0,"4":0,"5":0,"6":0,"7":0,"8":0,"9":0,"10":0},"b":{"0":[0,0],"1":[0,0],"2":[0,0],"3":[0,0],"4":[0,0],"5":[0,0],"6":[0,0],"7":[0,0],"8":[0,0],"9":[0,0],"10":[0,0],"11":[0,0],"12":[0,0],"13":[0,0]},"_coverageSchema":"1a1c01bbd47fc00a2c39e90264f33305004495a9","hash":"9a7419bd4f4334fef605c2de31cc6f55a90bd6d7"},"/home/ubuntu/workspaces/HighTracks/api/src/common/request.js":{"path":"/home/ubuntu/workspaces/HighTracks/api/src/common/request.js","statementMap":{"0":{"start":{"line":1,"column":25},"end":{"line":5,"column":1}},"1":{"start":{"line":2,"column":4},"end":{"line":2,"column":34}},"2":{"start":{"line":2,"column":27},"end":{"line":2,"column":34}},"3":{"start":{"line":3,"column":4},"end":{"line":3,"column":23}},"4":{"start":{"line":4,"column":4},"end":{"line":4,"column":22}},"5":{"start":{"line":7,"column":0},"end":{"line":9,"column":1}}},"fnMap":{"0":{"name":"(anonymous_0)","decl":{"start":{"line":1,"column":25},"end":{"line":1,"column":26}},"loc":{"start":{"line":1,"column":51},"end":{"line":5,"column":1}},"line":1}},"branchMap":{"0":{"loc":{"start":{"line":2,"column":4},"end":{"line":2,"column":34}},"type":"if","locations":[{"start":{"line":2,"column":4},"end":{"line":2,"column":34}},{"start":{},"end":{}}],"line":2}},"s":{"0":1,"1":2,"2":1,"3":1,"4":1,"5":1},"f":{"0":2},"b":{"0":[1,1]},"_coverageSchema":"1a1c01bbd47fc00a2c39e90264f33305004495a9","hash":"cd134138373415a29eeb4d7842b40b02ab68304c"},"/home/ubuntu/workspaces/HighTracks/api/src/controllers/auth.js":{"path":"/home/ubuntu/workspaces/HighTracks/api/src/controllers/auth.js","statementMap":{"0":{"start":{"line":1,"column":14},"end":{"line":1,"column":30}},"1":{"start":{"line":2,"column":13},"end":{"line":2,"column":40}},"2":{"start":{"line":3,"column":12},"end":{"line":3,"column":35}},"3":{"start":{"line":4,"column":29},"end":{"line":4,"column":57}},"4":{"start":{"line":6,"column":20},"end":{"line":17,"column":1}},"5":{"start":{"line":7,"column":23},"end":{"line":7,"column":51}},"6":{"start":{"line":8,"column":18},"end":{"line":8,"column":56}},"7":{"start":{"line":9,"column":4},"end":{"line":9,"column":97}},"8":{"start":{"line":9,"column":16},"end":{"line":9,"column":97}},"9":{"start":{"line":10,"column":4},"end":{"line":16,"column":5}},"10":{"start":{"line":11,"column":23},"end":{"line":11,"column":40}},"11":{"start":{"line":12,"column":8},"end":{"line":12,"column":45}},"12":{"start":{"line":13,"column":8},"end":{"line":13,"column":15}},"13":{"start":{"line":15,"column":8},"end":{"line":15,"column":71}},"14":{"start":{"line":20,"column":22},"end":{"line":29,"column":1}},"15":{"start":{"line":21,"column":20},"end":{"line":23,"column":5}},"16":{"start":{"line":24,"column":19},"end":{"line":24,"column":36}},"17":{"start":{"line":25,"column":20},"end":{"line":27,"column":5}},"18":{"start":{"line":28,"column":4},"end":{"line":28,"column":46}},"19":{"start":{"line":32,"column":14},"end":{"line":44,"column":1}},"20":{"start":{"line":33,"column":4},"end":{"line":43,"column":5}},"21":{"start":{"line":34,"column":36},"end":{"line":34,"column":44}},"22":{"start":{"line":39,"column":22},"end":{"line":39,"column":45}},"23":{"start":{"line":40,"column":8},"end":{"line":40,"column":45}},"24":{"start":{"line":42,"column":8},"end":{"line":42,"column":40}},"25":{"start":{"line":47,"column":29},"end":{"line":78,"column":1}},"26":{"start":{"line":48,"column":4},"end":{"line":77,"column":5}},"27":{"start":{"line":49,"column":25},"end":{"line":49,"column":182}},"28":{"start":{"line":51,"column":8},"end":{"line":67,"column":9}},"29":{"start":{"line":52,"column":25},"end":{"line":52,"column":38}},"30":{"start":{"line":53,"column":12},"end":{"line":53,"column":45}},"31":{"start":{"line":54,"column":12},"end":{"line":54,"column":55}},"32":{"start":{"line":55,"column":12},"end":{"line":55,"column":73}},"33":{"start":{"line":56,"column":12},"end":{"line":56,"column":76}},"34":{"start":{"line":57,"column":12},"end":{"line":57,"column":53}},"35":{"start":{"line":59,"column":12},"end":{"line":59,"column":66}},"36":{"start":{"line":60,"column":12},"end":{"line":60,"column":52}},"37":{"start":{"line":61,"column":12},"end":{"line":66,"column":14}},"38":{"start":{"line":69,"column":8},"end":{"line":69,"column":80}},"39":{"start":{"line":70,"column":8},"end":{"line":70,"column":48}},"40":{"start":{"line":71,"column":8},"end":{"line":76,"column":10}},"41":{"start":{"line":80,"column":0},"end":{"line":84,"column":2}}},"fnMap":{"0":{"name":"(anonymous_0)","decl":{"start":{"line":6,"column":20},"end":{"line":6,"column":21}},"loc":{"start":{"line":6,"column":40},"end":{"line":17,"column":1}},"line":6},"1":{"name":"(anonymous_1)","decl":{"start":{"line":20,"column":22},"end":{"line":20,"column":23}},"loc":{"start":{"line":20,"column":32},"end":{"line":29,"column":1}},"line":20},"2":{"name":"(anonymous_2)","decl":{"start":{"line":32,"column":14},"end":{"line":32,"column":15}},"loc":{"start":{"line":32,"column":34},"end":{"line":44,"column":1}},"line":32},"3":{"name":"(anonymous_3)","decl":{"start":{"line":47,"column":29},"end":{"line":47,"column":30}},"loc":{"start":{"line":47,"column":49},"end":{"line":78,"column":1}},"line":47}},"branchMap":{"0":{"loc":{"start":{"line":8,"column":18},"end":{"line":8,"column":56}},"type":"binary-expr","locations":[{"start":{"line":8,"column":18},"end":{"line":8,"column":28}},{"start":{"line":8,"column":32},"end":{"line":8,"column":56}}],"line":8},"1":{"loc":{"start":{"line":9,"column":4},"end":{"line":9,"column":97}},"type":"if","locations":[{"start":{"line":9,"column":4},"end":{"line":9,"column":97}},{"start":{},"end":{}}],"line":9},"2":{"loc":{"start":{"line":51,"column":8},"end":{"line":67,"column":9}},"type":"if","locations":[{"start":{"line":51,"column":8},"end":{"line":67,"column":9}},{"start":{"line":58,"column":15},"end":{"line":67,"column":9}}],"line":51}},"s":{"0":1,"1":1,"2":1,"3":1,"4":1,"5":0,"6":0,"7":0,"8":0,"9":0,"10":0,"11":0,"12":0,"13":0,"14":1,"15":0,"16":0,"17":0,"18":0,"19":1,"20":0,"21":0,"22":0,"23":0,"24":0,"25":1,"26":2,"27":2,"28":2,"29":2,"30":2,"31":2,"32":2,"33":2,"34":2,"35":0,"36":0,"37":0,"38":0,"39":0,"40":0,"41":1},"f":{"0":0,"1":0,"2":0,"3":2},"b":{"0":[0,0],"1":[0,0],"2":[2,0]},"_coverageSchema":"1a1c01bbd47fc00a2c39e90264f33305004495a9","hash":"41a648ccb36c00fc5e9cb3f5f309a9dc13ced904"}}}